<?xml version="1.0" encoding="UTF-8"?>
<!-- Generated by org.testng.reporters.JUnitXMLReporter -->
<testsuite ignored="44" hostname="Admin" failures="1" tests="12" name="Test" time="2474.267" errors="0" timestamp="2025-06-18T20:31:24 IST">
  <testcase classname="com.Connectsei_testcases_login_module.TC01_RegisterPage" name="Connectsei_Register_Page_UI_And_Functional_Check" time="423.569"/>
  <testcase classname="com.Connectsei_testcases_login_module.TC02_LoingPage" name="Connectsei_Login_Page_UI_And_Functional_Check" time="71.331"/>
  <testcase classname="com.Connectsei_testcases_login_module.TC03_ForgotPasswordPage" name="Connectsei_Forgot_Password_Field_UI_And_Functional_Check" time="265.003"/>
  <testcase classname="com.Connectsei_testcases_login_module.TC04_HomePage" name="Connectsei_Notification_And_Home_Page_UI_And_Functional_Check" time="126.354"/>
  <testcase classname="com.Connectsei_testcases_login_module.TC05_ProfilePage" name="Connectsei_Profile_Page_UI_And_Functional_Check" time="182.613">
    <failure type="java.lang.RuntimeException" message="FAILED">
      <![CDATA[java.lang.RuntimeException: FAILED
at com.utils.Reporter.reportStep(Reporter.java:51)
at com.wrappers.GenericWrappers.clickbyXpath(GenericWrappers.java:348)
at com.ProservPages.Register_page.LogoutProserv(Register_page.java:391)
at com.Connectsei_testcases_login_module.TC05_ProfilePage.Connectsei_Profile_Page_UI_And_Functional_Check(TC05_ProfilePage.java:112)
at java.base/java.util.ArrayList.forEach(ArrayList.java:1596)
... Removed 25 stack frames]]>
    </failure>
  </testcase> <!-- Connectsei_Profile_Page_UI_And_Functional_Check -->
  <testcase classname="com.Testcases.TC_01_Register" name="TC01_Registeration" time="259.779"/>
  <testcase classname="com.Testcases.TC_02_Login" name="TC02_Login_functionality" time="58.244"/>
  <testcase classname="com.Testcases.TC_03_ForgetPassword" name="TC_03_ForgetPassword_functionality" time="138.012"/>
  <testcase classname="com.Testcases.TC_04_HOMEPAGE" name="TC_04_Check_Homepage_Notification_and_Myorderpage" time="97.67"/>
  <testcase classname="com.Testcases.TC_05_ProfilePage" name="TC_05_ProfilePage_Functionality" time="326.338"/>
  <testcase classname="com.Testcases.TC_06_BookingFlow" name="TC_06_Booking_Confirmation_Completion_and_Payment_Flow" time="431.652"/>
  <testcase classname="com.Testcases.DeleteAccounts" name="TC_07_Delete_Connectsei_and_Proserv_Accounts" time="93.647"/>
  <testcase classname="com.wrappers.MobileAppWrappers" name="@AfterTest afterTest" time="0.0">
    <ignored/>
  </testcase> <!-- @AfterTest afterTest -->
  <testcase classname="com.wrappers.MobileAppWrappers" name="@BeforeTest beforeTest" time="0.0">
    <ignored/>
  </testcase> <!-- @BeforeTest beforeTest -->
  <testcase classname="com.wrappers.MobileAppWrappers" name="@BeforeSuite beforeSuite" time="0.0">
    <ignored/>
  </testcase> <!-- @BeforeSuite beforeSuite -->
  <testcase classname="com.wrappers.MobileAppWrappers" name="@BeforeSuite beforeSuite" time="0.0">
    <ignored/>
  </testcase> <!-- @BeforeSuite beforeSuite -->
  <testcase classname="com.wrappers.MobileAppWrappers" name="@BeforeSuite beforeSuite" time="0.0">
    <ignored/>
  </testcase> <!-- @BeforeSuite beforeSuite -->
  <testcase classname="com.wrappers.MobileAppWrappers" name="@AfterSuite afterSuite" time="0.0">
    <ignored/>
  </testcase> <!-- @AfterSuite afterSuite -->
  <testcase classname="com.wrappers.MobileAppWrappers" name="@BeforeSuite beforeSuite" time="0.0">
    <ignored/>
  </testcase> <!-- @BeforeSuite beforeSuite -->
  <testcase classname="com.wrappers.MobileAppWrappers" name="@BeforeSuite beforeSuite" time="0.0">
    <ignored/>
  </testcase> <!-- @BeforeSuite beforeSuite -->
  <testcase classname="com.wrappers.MobileAppWrappers" name="@AfterSuite afterSuite" time="0.0">
    <ignored/>
  </testcase> <!-- @AfterSuite afterSuite -->
  <testcase classname="com.wrappers.MobileAppWrappers" name="@AfterTest afterTest" time="0.0">
    <ignored/>
  </testcase> <!-- @AfterTest afterTest -->
  <testcase classname="com.wrappers.MobileAppWrappers" name="@BeforeTest beforeTest" time="0.0">
    <ignored/>
  </testcase> <!-- @BeforeTest beforeTest -->
  <testcase classname="com.wrappers.MobileAppWrappers" name="@AfterTest afterTest" time="0.0">
    <ignored/>
  </testcase> <!-- @AfterTest afterTest -->
  <testcase classname="com.wrappers.MobileAppWrappers" name="@AfterTest afterTest" time="0.0">
    <ignored/>
  </testcase> <!-- @AfterTest afterTest -->
  <testcase classname="com.wrappers.MobileAppWrappers" name="@BeforeSuite beforeSuite" time="0.0">
    <ignored/>
  </testcase> <!-- @BeforeSuite beforeSuite -->
  <testcase classname="com.wrappers.MobileAppWrappers" name="@BeforeTest beforeTest" time="0.0">
    <ignored/>
  </testcase> <!-- @BeforeTest beforeTest -->
  <testcase classname="com.wrappers.MobileAppWrappers" name="@BeforeTest beforeTest" time="0.0">
    <ignored/>
  </testcase> <!-- @BeforeTest beforeTest -->
  <testcase classname="com.wrappers.MobileAppWrappers" name="@AfterTest afterTest" time="0.0">
    <ignored/>
  </testcase> <!-- @AfterTest afterTest -->
  <testcase classname="com.wrappers.MobileAppWrappers" name="@AfterSuite afterSuite" time="0.0">
    <ignored/>
  </testcase> <!-- @AfterSuite afterSuite -->
  <testcase classname="com.wrappers.MobileAppWrappers" name="@BeforeTest beforeTest" time="0.0">
    <ignored/>
  </testcase> <!-- @BeforeTest beforeTest -->
  <testcase classname="com.wrappers.MobileAppWrappers" name="@AfterTest afterTest" time="0.0">
    <ignored/>
  </testcase> <!-- @AfterTest afterTest -->
  <testcase classname="com.wrappers.MobileAppWrappers" name="@AfterSuite afterSuite" time="0.0">
    <ignored/>
  </testcase> <!-- @AfterSuite afterSuite -->
  <testcase classname="com.wrappers.MobileAppWrappers" name="@AfterSuite afterSuite" time="0.0">
    <ignored/>
  </testcase> <!-- @AfterSuite afterSuite -->
  <testcase classname="com.wrappers.MobileAppWrappers" name="@AfterSuite afterSuite" time="0.0">
    <ignored/>
  </testcase> <!-- @AfterSuite afterSuite -->
  <testcase classname="com.wrappers.MobileAppWrappers" name="@BeforeSuite beforeSuite" time="0.0">
    <ignored/>
  </testcase> <!-- @BeforeSuite beforeSuite -->
  <testcase classname="com.wrappers.MobileAppWrappers" name="@BeforeTest beforeTest" time="0.0">
    <ignored/>
  </testcase> <!-- @BeforeTest beforeTest -->
  <testcase classname="com.wrappers.MobileAppWrappers" name="@BeforeTest beforeTest" time="0.0">
    <ignored/>
  </testcase> <!-- @BeforeTest beforeTest -->
  <testcase classname="com.wrappers.MobileAppWrappers" name="@AfterTest afterTest" time="0.0">
    <ignored/>
  </testcase> <!-- @AfterTest afterTest -->
  <testcase classname="com.wrappers.MobileAppWrappers" name="@AfterTest afterTest" time="0.0">
    <ignored/>
  </testcase> <!-- @AfterTest afterTest -->
  <testcase classname="com.wrappers.MobileAppWrappers" name="@BeforeSuite beforeSuite" time="0.0">
    <ignored/>
  </testcase> <!-- @BeforeSuite beforeSuite -->
  <testcase classname="com.wrappers.MobileAppWrappers" name="@BeforeTest beforeTest" time="0.0">
    <ignored/>
  </testcase> <!-- @BeforeTest beforeTest -->
  <testcase classname="com.wrappers.MobileAppWrappers" name="@BeforeTest beforeTest" time="0.0">
    <ignored/>
  </testcase> <!-- @BeforeTest beforeTest -->
  <testcase classname="com.wrappers.MobileAppWrappers" name="@AfterTest afterTest" time="0.0">
    <ignored/>
  </testcase> <!-- @AfterTest afterTest -->
  <testcase classname="com.wrappers.MobileAppWrappers" name="@AfterSuite afterSuite" time="0.0">
    <ignored/>
  </testcase> <!-- @AfterSuite afterSuite -->
  <testcase classname="com.wrappers.MobileAppWrappers" name="@AfterTest afterTest" time="0.0">
    <ignored/>
  </testcase> <!-- @AfterTest afterTest -->
  <testcase classname="com.wrappers.MobileAppWrappers" name="@AfterSuite afterSuite" time="0.0">
    <ignored/>
  </testcase> <!-- @AfterSuite afterSuite -->
  <testcase classname="com.wrappers.MobileAppWrappers" name="@BeforeSuite beforeSuite" time="0.0">
    <ignored/>
  </testcase> <!-- @BeforeSuite beforeSuite -->
  <testcase classname="com.wrappers.MobileAppWrappers" name="@AfterTest afterTest" time="0.0">
    <ignored/>
  </testcase> <!-- @AfterTest afterTest -->
  <testcase classname="com.wrappers.MobileAppWrappers" name="@AfterSuite afterSuite" time="0.0">
    <ignored/>
  </testcase> <!-- @AfterSuite afterSuite -->
  <testcase classname="com.wrappers.MobileAppWrappers" name="@AfterSuite afterSuite" time="0.0">
    <ignored/>
  </testcase> <!-- @AfterSuite afterSuite -->
  <testcase classname="com.wrappers.MobileAppWrappers" name="@BeforeTest beforeTest" time="0.0">
    <ignored/>
  </testcase> <!-- @BeforeTest beforeTest -->
  <testcase classname="com.wrappers.MobileAppWrappers" name="@BeforeSuite beforeSuite" time="0.0">
    <ignored/>
  </testcase> <!-- @BeforeSuite beforeSuite -->
  <testcase classname="com.wrappers.MobileAppWrappers" name="@BeforeSuite beforeSuite" time="0.0">
    <ignored/>
  </testcase> <!-- @BeforeSuite beforeSuite -->
  <testcase classname="com.wrappers.MobileAppWrappers" name="@BeforeTest beforeTest" time="0.0">
    <ignored/>
  </testcase> <!-- @BeforeTest beforeTest -->
  <testcase classname="com.wrappers.MobileAppWrappers" name="@AfterSuite afterSuite" time="0.0">
    <ignored/>
  </testcase> <!-- @AfterSuite afterSuite -->
</testsuite> <!-- Test -->
