<?xml version="1.0" encoding="UTF-8"?>
<testng-results ignored="0" total="1" passed="1" failed="0" skipped="0">
  <reporter-output>
  </reporter-output>
  <suite started-at="2025-06-04T23:26:06 IST" name="Default suite" finished-at="2025-06-04T23:26:53 IST" duration-ms="47160">
    <groups>
    </groups>
    <test started-at="2025-06-04T23:26:06 IST" name="Default test" finished-at="2025-06-04T23:26:53 IST" duration-ms="47160">
      <class name="com.Testcases.TC_06_BookingFlow">
        <test-method is-config="true" signature="beforeSuite()[pri:0, instance:com.Testcases.TC_06_BookingFlow@41e1e210]" started-at="2025-06-04T23:26:06 IST" name="beforeSuite" finished-at="2025-06-04T23:26:06 IST" duration-ms="277" status="PASS">
          <reporter-output>
          </reporter-output>
        </test-method> <!-- beforeSuite -->
        <test-method is-config="true" signature="beforeTest()[pri:0, instance:com.Testcases.TC_06_BookingFlow@41e1e210]" started-at="2025-06-04T23:26:06 IST" name="beforeTest" finished-at="2025-06-04T23:26:06 IST" duration-ms="1" status="PASS">
          <reporter-output>
          </reporter-output>
        </test-method> <!-- beforeTest -->
        <test-method is-config="true" signature="startTestCase()[pri:0, instance:com.Testcases.TC_06_BookingFlow@41e1e210]" started-at="2025-06-04T23:26:06 IST" name="startTestCase" finished-at="2025-06-04T23:26:06 IST" duration-ms="0" status="PASS">
          <reporter-output>
          </reporter-output>
        </test-method> <!-- startTestCase -->
        <test-method is-config="true" signature="beforeMethod()[pri:0, instance:com.Testcases.TC_06_BookingFlow@41e1e210]" started-at="2025-06-04T23:26:06 IST" name="beforeMethod" finished-at="2025-06-04T23:26:06 IST" duration-ms="3" status="PASS">
          <reporter-output>
          </reporter-output>
        </test-method> <!-- beforeMethod -->
        <test-method signature="removerepair()[pri:4, instance:com.Testcases.TC_06_BookingFlow@41e1e210]" started-at="2025-06-04T23:26:06 IST" name="removerepair" finished-at="2025-06-04T23:26:53 IST" duration-ms="47134" status="PASS">
          <reporter-output>
          </reporter-output>
        </test-method> <!-- removerepair -->
        <test-method is-config="true" signature="afterMethod()[pri:0, instance:com.Testcases.TC_06_BookingFlow@41e1e210]" started-at="2025-06-04T23:26:53 IST" name="afterMethod" finished-at="2025-06-04T23:26:53 IST" duration-ms="1" status="PASS">
          <reporter-output>
          </reporter-output>
        </test-method> <!-- afterMethod -->
        <test-method is-config="true" signature="afterTest()[pri:0, instance:com.Testcases.TC_06_BookingFlow@41e1e210]" started-at="2025-06-04T23:26:53 IST" name="afterTest" finished-at="2025-06-04T23:26:53 IST" duration-ms="0" status="PASS">
          <reporter-output>
          </reporter-output>
        </test-method> <!-- afterTest -->
        <test-method is-config="true" signature="afterSuite()[pri:0, instance:com.Testcases.TC_06_BookingFlow@41e1e210]" started-at="2025-06-04T23:26:53 IST" name="afterSuite" finished-at="2025-06-04T23:26:54 IST" duration-ms="225" status="PASS">
          <reporter-output>
          </reporter-output>
        </test-method> <!-- afterSuite -->
      </class> <!-- com.Testcases.TC_06_BookingFlow -->
    </test> <!-- Default test -->
  </suite> <!-- Default suite -->
</testng-results>
